<?xml version="1.0" encoding="UTF-8" ?>
<testsuite tests="10" failures="0" name="com.sharkjob.controller.JobControllerTest" time="0.047" errors="0" skipped="0">
  <properties>
[...]
</properties>
  <testcase classname="com.sharkjob.controller.JobControllerTest" name="valid_getJobInfo_successfully" time="0.031"/>
  <testcase classname="com.sharkjob.controller.JobControllerTest" name="valid_getNumberOfJobs" time="0"/>
  <testcase classname="com.sharkjob.controller.JobControllerTest" name="valid_showJob_successfully" time="0"/>
  <testcase classname="com.sharkjob.controller.JobControllerTest" name="valid_addComment_successfully" time="0.016"/>
  <testcase classname="com.sharkjob.controller.JobControllerTest" name="valid_updateJobInfo_successfully" time="0"/>
  <testcase classname="com.sharkjob.controller.JobControllerTest" name="valid_showJob_successfully2" time="0"/>
  <testcase classname="com.sharkjob.controller.JobControllerTest" name="valid_getJobInfo_unsuccessfully" time="0"/>
  <testcase classname="com.sharkjob.controller.JobControllerTest" name="valid_searchEngine_no_result" time="0"/>
  <testcase classname="com.sharkjob.controller.JobControllerTest" name="valid_addComment_invalid" time="0"/>
  <testcase classname="com.sharkjob.controller.JobControllerTest" name="valid_searchEngine_with_result" time="0"/>
</testsuite>